2019-08-16 21:27:43.590 ERROR 8948 --- [restartedMain] o.s.b.c.l.LoggingApplicationListener     : Cannot set level '' for 'null'
2019-08-16 21:27:43.593 ERROR 8948 --- [restartedMain] o.s.b.c.l.LoggingApplicationListener     : Cannot set level 'FULL' for 'project.user.UserClient'
2019-08-16 21:27:43.605  INFO 8948 --- [restartedMain] c.m.c.c.CustomerServiceApplication       : No active profile set, falling back to default profiles: default
2019-08-16 21:27:45.569  INFO 8948 --- [restartedMain] .s.d.r.c.RepositoryConfigurationDelegate : Bootstrapping Spring Data repositories in DEFAULT mode.
2019-08-16 21:27:45.684  INFO 8948 --- [restartedMain] .s.d.r.c.RepositoryConfigurationDelegate : Finished Spring Data repository scanning in 89ms. Found 1 repository interfaces.
2019-08-16 21:27:45.992  INFO 8948 --- [restartedMain] o.s.cloud.context.scope.GenericScope     : BeanFactory id=e5dd29bd-9def-3516-adf1-ec8e640992bb
2019-08-16 21:27:46.106  INFO 8948 --- [restartedMain] trationDelegate$BeanPostProcessorChecker : Bean 'org.springframework.transaction.annotation.ProxyTransactionManagementConfiguration' of type [org.springframework.transaction.annotation.ProxyTransactionManagementConfiguration$$EnhancerBySpringCGLIB$$9c23ffe6] is not eligible for getting processed by all BeanPostProcessors (for example: not eligible for auto-proxying)
2019-08-16 21:27:46.126  INFO 8948 --- [restartedMain] trationDelegate$BeanPostProcessorChecker : Bean 'org.springframework.cloud.autoconfigure.ConfigurationPropertiesRebinderAutoConfiguration' of type [org.springframework.cloud.autoconfigure.ConfigurationPropertiesRebinderAutoConfiguration$$EnhancerBySpringCGLIB$$b83e02e3] is not eligible for getting processed by all BeanPostProcessors (for example: not eligible for auto-proxying)
2019-08-16 21:27:46.662  INFO 8948 --- [restartedMain] o.s.b.w.embedded.tomcat.TomcatWebServer  : Tomcat initialized with port(s): 6161 (http)
2019-08-16 21:27:46.687  INFO 8948 --- [restartedMain] o.apache.catalina.core.StandardService   : Starting service [Tomcat]
2019-08-16 21:27:46.687  INFO 8948 --- [restartedMain] org.apache.catalina.core.StandardEngine  : Starting Servlet engine: [Apache Tomcat/9.0.22]
2019-08-16 21:27:46.828  INFO 8948 --- [restartedMain] o.a.c.c.C.[Tomcat].[localhost].[/]       : Initializing Spring embedded WebApplicationContext
2019-08-16 21:27:46.828  INFO 8948 --- [restartedMain] o.s.web.context.ContextLoader            : Root WebApplicationContext: initialization completed in 3208 ms
2019-08-16 21:27:47.222  INFO 8948 --- [restartedMain] com.zaxxer.hikari.HikariDataSource       : HikariPool-1 - Starting...
2019-08-16 21:27:47.489  INFO 8948 --- [restartedMain] com.zaxxer.hikari.HikariDataSource       : HikariPool-1 - Start completed.
2019-08-16 21:27:47.574  INFO 8948 --- [restartedMain] o.hibernate.jpa.internal.util.LogHelper  : HHH000204: Processing PersistenceUnitInfo [
	name: default
	...]
2019-08-16 21:27:47.633  INFO 8948 --- [restartedMain] org.hibernate.Version                    : HHH000412: Hibernate Core {5.3.10.Final}
2019-08-16 21:27:47.634  INFO 8948 --- [restartedMain] org.hibernate.cfg.Environment            : HHH000206: hibernate.properties not found
2019-08-16 21:27:47.876  INFO 8948 --- [restartedMain] o.hibernate.annotations.common.Version   : HCANN000001: Hibernate Commons Annotations {5.0.4.Final}
2019-08-16 21:27:48.173  INFO 8948 --- [restartedMain] org.hibernate.dialect.Dialect            : HHH000400: Using dialect: org.hibernate.dialect.H2Dialect
2019-08-16 21:27:49.182  INFO 8948 --- [restartedMain] j.LocalContainerEntityManagerFactoryBean : Initialized JPA EntityManagerFactory for persistence unit 'default'
2019-08-16 21:27:49.238  WARN 8948 --- [restartedMain] o.s.b.d.a.OptionalLiveReloadServer       : Unable to start LiveReload server
2019-08-16 21:27:50.033  WARN 8948 --- [restartedMain] c.n.c.sources.URLConfigurationSource     : No URLs will be polled as dynamic configuration sources.
2019-08-16 21:27:50.034  INFO 8948 --- [restartedMain] c.n.c.sources.URLConfigurationSource     : To enable URLs as dynamic configuration sources, define System property archaius.configurationSource.additionalUrls or make config.properties available on classpath.
2019-08-16 21:27:50.155  WARN 8948 --- [restartedMain] c.n.c.sources.URLConfigurationSource     : No URLs will be polled as dynamic configuration sources.
2019-08-16 21:27:50.156  INFO 8948 --- [restartedMain] c.n.c.sources.URLConfigurationSource     : To enable URLs as dynamic configuration sources, define System property archaius.configurationSource.additionalUrls or make config.properties available on classpath.
2019-08-16 21:27:50.674  INFO 8948 --- [restartedMain] o.s.s.concurrent.ThreadPoolTaskExecutor  : Initializing ExecutorService 'applicationTaskExecutor'
2019-08-16 21:27:50.733  WARN 8948 --- [restartedMain] aWebConfiguration$JpaWebMvcConfiguration : spring.jpa.open-in-view is enabled by default. Therefore, database queries may be performed during view rendering. Explicitly configure spring.jpa.open-in-view to disable this warning
2019-08-16 21:27:51.934  INFO 8948 --- [restartedMain] o.s.c.n.eureka.InstanceInfoFactory       : Setting initial instance status as: STARTING
2019-08-16 21:27:52.203  INFO 8948 --- [restartedMain] com.netflix.discovery.DiscoveryClient    : Initializing Eureka in region us-east-1
2019-08-16 21:27:52.662  INFO 8948 --- [restartedMain] c.n.d.provider.DiscoveryJerseyProvider   : Using JSON encoding codec LegacyJacksonJson
2019-08-16 21:27:52.663  INFO 8948 --- [restartedMain] c.n.d.provider.DiscoveryJerseyProvider   : Using JSON decoding codec LegacyJacksonJson
2019-08-16 21:27:52.826  INFO 8948 --- [restartedMain] c.n.d.provider.DiscoveryJerseyProvider   : Using XML encoding codec XStreamXml
2019-08-16 21:27:52.826  INFO 8948 --- [restartedMain] c.n.d.provider.DiscoveryJerseyProvider   : Using XML decoding codec XStreamXml
2019-08-16 21:27:53.118  INFO 8948 --- [restartedMain] c.n.d.s.r.aws.ConfigClusterResolver      : Resolving eureka endpoints via configuration
2019-08-16 21:27:53.338  INFO 8948 --- [restartedMain] com.netflix.discovery.DiscoveryClient    : Disable delta property : false
2019-08-16 21:27:53.338  INFO 8948 --- [restartedMain] com.netflix.discovery.DiscoveryClient    : Single vip registry refresh property : null
2019-08-16 21:27:53.339  INFO 8948 --- [restartedMain] com.netflix.discovery.DiscoveryClient    : Force full registry fetch : false
2019-08-16 21:27:53.339  INFO 8948 --- [restartedMain] com.netflix.discovery.DiscoveryClient    : Application is null : false
2019-08-16 21:27:53.339  INFO 8948 --- [restartedMain] com.netflix.discovery.DiscoveryClient    : Registered Applications size is zero : true
2019-08-16 21:27:53.340  INFO 8948 --- [restartedMain] com.netflix.discovery.DiscoveryClient    : Application version is -1: true
2019-08-16 21:27:53.340  INFO 8948 --- [restartedMain] com.netflix.discovery.DiscoveryClient    : Getting all instance registry info from the eureka server
2019-08-16 21:27:53.604  INFO 8948 --- [restartedMain] com.netflix.discovery.DiscoveryClient    : The response status is 200
2019-08-16 21:27:53.607  INFO 8948 --- [restartedMain] com.netflix.discovery.DiscoveryClient    : Starting heartbeat executor: renew interval is: 30
2019-08-16 21:27:53.611  INFO 8948 --- [restartedMain] c.n.discovery.InstanceInfoReplicator     : InstanceInfoReplicator onDemand update allowed rate per min is 4
2019-08-16 21:27:53.617  INFO 8948 --- [restartedMain] com.netflix.discovery.DiscoveryClient    : Discovery Client initialized at timestamp 1566008873615 with initial instances count: 1
2019-08-16 21:27:53.620  INFO 8948 --- [restartedMain] o.s.c.n.e.s.EurekaServiceRegistry        : Registering application CUSTOMER-SERVICE with eureka with status UP
2019-08-16 21:27:53.621  INFO 8948 --- [restartedMain] com.netflix.discovery.DiscoveryClient    : Saw local status change event StatusChangeEvent [timestamp=1566008873621, current=UP, previous=STARTING]
2019-08-16 21:27:53.624  INFO 8948 --- [DiscoveryClient-InstanceInfoReplicator-0] com.netflix.discovery.DiscoveryClient    : DiscoveryClient_CUSTOMER-SERVICE/DESKTOP-MBUOBKB:customer-service:6161: registering service...
2019-08-16 21:27:53.691  INFO 8948 --- [DiscoveryClient-InstanceInfoReplicator-0] com.netflix.discovery.DiscoveryClient    : DiscoveryClient_CUSTOMER-SERVICE/DESKTOP-MBUOBKB:customer-service:6161 - registration status: 204
2019-08-16 21:27:53.698  INFO 8948 --- [restartedMain] o.s.b.w.embedded.tomcat.TomcatWebServer  : Tomcat started on port(s): 6161 (http) with context path ''
2019-08-16 21:27:53.699  INFO 8948 --- [restartedMain] .s.c.n.e.s.EurekaAutoServiceRegistration : Updating port to 6161
2019-08-16 21:27:53.702  INFO 8948 --- [restartedMain] c.m.c.c.CustomerServiceApplication       : Started CustomerServiceApplication in 12.96 seconds (JVM running for 13.875)
2019-08-16 21:32:53.343  INFO 8948 --- [AsyncResolver-bootstrap-executor-0] c.n.d.s.r.aws.ConfigClusterResolver      : Resolving eureka endpoints via configuration
2019-08-16 21:37:53.356  INFO 8948 --- [AsyncResolver-bootstrap-executor-0] c.n.d.s.r.aws.ConfigClusterResolver      : Resolving eureka endpoints via configuration
2019-08-16 21:42:53.369  INFO 8948 --- [AsyncResolver-bootstrap-executor-0] c.n.d.s.r.aws.ConfigClusterResolver      : Resolving eureka endpoints via configuration
2019-08-16 21:47:53.381  INFO 8948 --- [AsyncResolver-bootstrap-executor-0] c.n.d.s.r.aws.ConfigClusterResolver      : Resolving eureka endpoints via configuration
2019-08-16 21:52:53.392  INFO 8948 --- [AsyncResolver-bootstrap-executor-0] c.n.d.s.r.aws.ConfigClusterResolver      : Resolving eureka endpoints via configuration
2019-08-16 21:57:53.404  INFO 8948 --- [AsyncResolver-bootstrap-executor-0] c.n.d.s.r.aws.ConfigClusterResolver      : Resolving eureka endpoints via configuration
2019-08-16 22:02:53.417  INFO 8948 --- [AsyncResolver-bootstrap-executor-0] c.n.d.s.r.aws.ConfigClusterResolver      : Resolving eureka endpoints via configuration
2019-08-16 22:07:53.421  INFO 8948 --- [AsyncResolver-bootstrap-executor-0] c.n.d.s.r.aws.ConfigClusterResolver      : Resolving eureka endpoints via configuration
2019-08-16 22:12:53.433  INFO 8948 --- [AsyncResolver-bootstrap-executor-0] c.n.d.s.r.aws.ConfigClusterResolver      : Resolving eureka endpoints via configuration
2019-08-16 22:17:53.436  INFO 8948 --- [AsyncResolver-bootstrap-executor-0] c.n.d.s.r.aws.ConfigClusterResolver      : Resolving eureka endpoints via configuration
2019-08-16 22:22:53.444  INFO 8948 --- [AsyncResolver-bootstrap-executor-0] c.n.d.s.r.aws.ConfigClusterResolver      : Resolving eureka endpoints via configuration
2019-08-16 22:25:18.560  INFO 8948 --- [http-nio-6161-exec-1] o.a.c.c.C.[Tomcat].[localhost].[/]       : Initializing Spring DispatcherServlet 'dispatcherServlet'
2019-08-16 22:25:18.561  INFO 8948 --- [http-nio-6161-exec-1] o.s.web.servlet.DispatcherServlet        : Initializing Servlet 'dispatcherServlet'
2019-08-16 22:25:18.572  INFO 8948 --- [http-nio-6161-exec-1] o.s.web.servlet.DispatcherServlet        : Completed initialization in 11 ms
2019-08-16 22:27:05.681  INFO 8948 --- [RMI TCP Connection(69)-127.0.0.1] inMXBeanRegistrar$SpringApplicationAdmin : Application shutdown requested.
2019-08-16 22:27:06.100  INFO 8948 --- [RMI TCP Connection(69)-127.0.0.1] o.s.c.n.e.s.EurekaServiceRegistry        : Unregistering application CUSTOMER-SERVICE with eureka with status DOWN
2019-08-16 22:27:06.101  WARN 8948 --- [RMI TCP Connection(69)-127.0.0.1] com.netflix.discovery.DiscoveryClient    : Saw local status change event StatusChangeEvent [timestamp=1566012426101, current=DOWN, previous=UP]
2019-08-16 22:27:06.101  INFO 8948 --- [DiscoveryClient-InstanceInfoReplicator-0] com.netflix.discovery.DiscoveryClient    : DiscoveryClient_CUSTOMER-SERVICE/DESKTOP-MBUOBKB:customer-service:6161: registering service...
2019-08-16 22:27:06.104  INFO 8948 --- [RMI TCP Connection(69)-127.0.0.1] o.s.s.concurrent.ThreadPoolTaskExecutor  : Shutting down ExecutorService 'applicationTaskExecutor'
2019-08-16 22:27:06.108  INFO 8948 --- [RMI TCP Connection(69)-127.0.0.1] j.LocalContainerEntityManagerFactoryBean : Closing JPA EntityManagerFactory for persistence unit 'default'
2019-08-16 22:27:06.117  INFO 8948 --- [DiscoveryClient-InstanceInfoReplicator-0] com.netflix.discovery.DiscoveryClient    : DiscoveryClient_CUSTOMER-SERVICE/DESKTOP-MBUOBKB:customer-service:6161 - registration status: 204
2019-08-16 22:27:06.135  INFO 8948 --- [RMI TCP Connection(69)-127.0.0.1] com.netflix.discovery.DiscoveryClient    : Shutting down DiscoveryClient ...
2019-08-16 22:27:09.136  INFO 8948 --- [RMI TCP Connection(69)-127.0.0.1] com.netflix.discovery.DiscoveryClient    : Unregistering ...
2019-08-16 22:27:09.155  INFO 8948 --- [RMI TCP Connection(69)-127.0.0.1] com.netflix.discovery.DiscoveryClient    : DiscoveryClient_CUSTOMER-SERVICE/DESKTOP-MBUOBKB:customer-service:6161 - deregister  status: 200
2019-08-16 22:27:09.163  INFO 8948 --- [RMI TCP Connection(69)-127.0.0.1] com.netflix.discovery.DiscoveryClient    : Completed shut down of DiscoveryClient
2019-08-16 22:27:09.163  INFO 8948 --- [RMI TCP Connection(69)-127.0.0.1] com.zaxxer.hikari.HikariDataSource       : HikariPool-1 - Shutdown initiated...
2019-08-16 22:27:09.166  INFO 8948 --- [RMI TCP Connection(69)-127.0.0.1] com.zaxxer.hikari.HikariDataSource       : HikariPool-1 - Shutdown completed.
2019-08-16 22:27:09.291  INFO 8948 --- [RMI TCP Connection(69)-127.0.0.1] o.apache.catalina.core.StandardService   : Stopping service [Tomcat]
2019-08-16 22:27:09.855  INFO 8948 --- [RMI TCP Connection(69)-127.0.0.1] o.a.c.c.C.[Tomcat].[localhost].[/]       : Destroying Spring FrameworkServlet 'dispatcherServlet'
